<?xml version="1.0" encoding="UTF-8" ?>
<testsuite tests="4" failures="0" name="ru.lesson.lessons.CalculatorTest" time="0.005" errors="0" skipped="0">
  <properties>
[...]
</properties>
  <testcase classname="ru.lesson.lessons.CalculatorTest" name="testAdd" time="0.005"/>
  <testcase classname="ru.lesson.lessons.CalculatorTest" name="testDiv" time="0"/>
  <testcase classname="ru.lesson.lessons.CalculatorTest" name="testSub" time="0"/>
  <testcase classname="ru.lesson.lessons.CalculatorTest" name="testMultiply" time="0"/>
</testsuite>